c:\users\brinx\source\repos\gameengine\gameengine\debug\vc142.pdb
c:\users\brinx\source\repos\gameengine\gameengine\debug\vc142.idb
c:\users\brinx\source\repos\gameengine\gameengine\debug\stringfunctions.obj
c:\users\brinx\source\repos\gameengine\gameengine\debug\fontlibrary.obj
c:\users\brinx\source\repos\gameengine\gameengine\debug\shader.obj
c:\users\brinx\source\repos\gameengine\gameengine\debug\main.obj
c:\users\brinx\source\repos\gameengine\gameengine\debug\inputhandler.obj
c:\users\brinx\source\repos\gameengine\gameengine\debug\camera.obj
c:\users\brinx\source\repos\gameengine\gameengine\debug\terrain.obj
c:\users\brinx\source\repos\gameengine\gameengine\debug\shaderlibrary.obj
c:\users\brinx\source\repos\gameengine\debug\freetyped.dll
c:\users\brinx\source\repos\gameengine\debug\zlibd1.dll
c:\users\brinx\source\repos\gameengine\debug\bz2d.dll
c:\users\brinx\source\repos\gameengine\debug\libpng16d.dll
c:\users\brinx\source\repos\gameengine\debug\brotlidec.dll
c:\users\brinx\source\repos\gameengine\debug\brotlicommon.dll
c:\users\brinx\source\repos\gameengine\debug\glfw3.dll
c:\users\brinx\source\repos\gameengine\debug\gameengine.exe
c:\users\brinx\source\repos\gameengine\debug\gameengine.ilk
c:\users\brinx\source\repos\gameengine\debug\gameengine.pdb
c:\users\brinx\source\repos\gameengine\gameengine\debug\gameengine.tlog\cl.command.1.tlog
c:\users\brinx\source\repos\gameengine\gameengine\debug\gameengine.tlog\cl.read.1.tlog
c:\users\brinx\source\repos\gameengine\gameengine\debug\gameengine.tlog\cl.write.1.tlog
c:\users\brinx\source\repos\gameengine\gameengine\debug\gameengine.tlog\gameengine.write.1u.tlog
c:\users\brinx\source\repos\gameengine\gameengine\debug\gameengine.tlog\link.command.1.tlog
c:\users\brinx\source\repos\gameengine\gameengine\debug\gameengine.tlog\link.read.1.tlog
c:\users\brinx\source\repos\gameengine\gameengine\debug\gameengine.tlog\link.write.1.tlog
